<?xml version="1.0" encoding="UTF-8"?>
<!-- Generated by org.testng.reporters.JUnitXMLReporter -->
<testsuite hostname="LM-BWI-00871652" name="Default test" tests="2" failures="0" timestamp="24 Nov 2015 04:14:38 GMT" time="0.021" errors="0">
  <testcase name="testFactoryPattern" time="0.007" classname="test.main.designpattern.factory.FactoryPatternDemoTest"/>
  <testcase name="testFactoryPattern" time="0.001" classname="test.main.designpattern.factory.FactoryPatternDemoTest"/>
</testsuite> <!-- Default test -->
